modules/expo-TimeLimit/android/build/intermediates/manifest_merge_blame_file/debug/processDebugManifest/manifest-merger-blame-debug-report.txt
1<?xml version="1.0" encoding="utf-8"?>
2<manifest xmlns:android="http://schemas.android.com/apk/res/android"
3    package="expo.modules.timelimit" >
4
5    <uses-sdk android:minSdkVersion="26" />
6
7    <uses-permission android:name="android.permission.FOREGROUND_SERVICE" />
7-->src/main/AndroidManifest.xml:3:5-77
7-->src/main/AndroidManifest.xml:3:22-74
8    <uses-permission android:name="android.permission.FOREGROUND_SERVICE_SPECIAL_USE" />
8-->src/main/AndroidManifest.xml:4:5-89
8-->src/main/AndroidManifest.xml:4:22-86
9
10    <application>
10-->src/main/AndroidManifest.xml:6:5-11:19
11        <service
11-->src/main/AndroidManifest.xml:7:9-10:40
12            android:name="expo.modules.timelimit.TimeLimitService"
12-->src/main/AndroidManifest.xml:8:13-45
13            android:exported="false"
13-->src/main/AndroidManifest.xml:10:13-37
14            android:foregroundServiceType="specialUse" />
14-->src/main/AndroidManifest.xml:9:13-55
15    </application>
16
17</manifest>